<?xml version="1.0" encoding="UTF-8"?>
<!-- Generated by org.testng.reporters.JUnitXMLReporter -->
<testsuite hostname="vasu-PC" name="Sample" tests="13" failures="0" timestamp="21 Jan 2020 02:42:24 GMT" time="20.078" errors="0">
  <testcase name="method1" time="0.001" classname="com.selenium.testng.AnnotationsTest1"/>
  <testcase name="method2" time="0.0" classname="com.selenium.testng.AnnotationsTest1"/>
  <testcase name="method1" time="0.0" classname="com.selenium.testng.AnnotationsTest2"/>
  <testcase name="method2" time="0.0" classname="com.selenium.testng.AnnotationsTest2"/>
  <testcase name="appLaunch" time="13.056" classname="com.selenium.testng.AdminLoginTest"/>
  <testcase name="appLogin" time="2.742" classname="com.selenium.testng.AdminLoginTest"/>
  <testcase name="appLogout" time="4.107" classname="com.selenium.testng.AdminLoginTest"/>
  <testcase name="appClose" time="0.129" classname="com.selenium.testng.AdminLoginTest"/>
  <testcase name="first" time="0.001" classname="com.selenium.testng.FirstTestNGTest"/>
  <testcase name="appLaunch" time="0.001" classname="com.selenium.testng.MultipleTestNg"/>
  <testcase name="appLogin" time="0.001" classname="com.selenium.testng.MultipleTestNg"/>
  <testcase name="appLogout" time="0.001" classname="com.selenium.testng.MultipleTestNg"/>
  <testcase name="appClose" time="0.0" classname="com.selenium.testng.MultipleTestNg"/>
</testsuite> <!-- Sample -->
